[15-May-2019 06:49:14 UTC] PHP Notice:  Undefined index: record in C:\Users\hiepnh\Desktop\laragon-master\www\vtlib\Vtiger\Functions.php on line 1476
[15-May-2019 06:49:14 UTC] PHP Notice:  Undefined index: src_record in C:\Users\hiepnh\Desktop\laragon-master\www\vtlib\Vtiger\Functions.php on line 1476
[15-May-2019 06:49:14 UTC] PHP Notice:  Undefined index: parent_id in C:\Users\hiepnh\Desktop\laragon-master\www\vtlib\Vtiger\Functions.php on line 1476
[15-May-2019 06:49:14 UTC] PHP Notice:  Undefined index: _mfrom in C:\Users\hiepnh\Desktop\laragon-master\www\vtlib\Vtiger\Functions.php on line 1476
[15-May-2019 06:49:14 UTC] PHP Notice:  Undefined index: _mto in C:\Users\hiepnh\Desktop\laragon-master\www\vtlib\Vtiger\Functions.php on line 1476
[15-May-2019 06:49:14 UTC] PHP Notice:  Undefined index: sequencesList in C:\Users\hiepnh\Desktop\laragon-master\www\vtlib\Vtiger\Functions.php on line 1476
[15-May-2019 06:49:14 UTC] PHP Notice:  Undefined index: search_value in C:\Users\hiepnh\Desktop\laragon-master\www\vtlib\Vtiger\Functions.php on line 1476
[15-May-2019 06:49:14 UTC] PHP Warning:  session_start(): Cannot send session cache limiter - headers already sent (output started at C:\Users\hiepnh\Desktop\laragon-master\www\vtlib\Vtiger\Functions.php:1476) in C:\Users\hiepnh\Desktop\laragon-master\www\libraries\HTTP_Session2\HTTP\Session2.php on line 211
[15-May-2019 06:49:14 UTC] PHP Warning:  Cannot modify header information - headers already sent by (output started at C:\Users\hiepnh\Desktop\laragon-master\www\vtlib\Vtiger\Functions.php:1476) in C:\Users\hiepnh\Desktop\laragon-master\www\includes\main\WebUI.php on line 148
[15-May-2019 06:49:20 UTC] PHP Notice:  Undefined index: record in C:\Users\hiepnh\Desktop\laragon-master\www\vtlib\Vtiger\Functions.php on line 1476
[15-May-2019 06:49:20 UTC] PHP Notice:  Undefined index: src_record in C:\Users\hiepnh\Desktop\laragon-master\www\vtlib\Vtiger\Functions.php on line 1476
[15-May-2019 06:49:20 UTC] PHP Notice:  Undefined index: parent_id in C:\Users\hiepnh\Desktop\laragon-master\www\vtlib\Vtiger\Functions.php on line 1476
[15-May-2019 06:49:20 UTC] PHP Notice:  Undefined index: _mfrom in C:\Users\hiepnh\Desktop\laragon-master\www\vtlib\Vtiger\Functions.php on line 1476
[15-May-2019 06:49:20 UTC] PHP Notice:  Undefined index: _mto in C:\Users\hiepnh\Desktop\laragon-master\www\vtlib\Vtiger\Functions.php on line 1476
[15-May-2019 06:49:20 UTC] PHP Notice:  Undefined index: sequencesList in C:\Users\hiepnh\Desktop\laragon-master\www\vtlib\Vtiger\Functions.php on line 1476
[15-May-2019 06:49:20 UTC] PHP Notice:  Undefined index: search_value in C:\Users\hiepnh\Desktop\laragon-master\www\vtlib\Vtiger\Functions.php on line 1476
[15-May-2019 06:49:20 UTC] PHP Warning:  session_start(): Cannot send session cache limiter - headers already sent (output started at C:\Users\hiepnh\Desktop\laragon-master\www\vtlib\Vtiger\Functions.php:1476) in C:\Users\hiepnh\Desktop\laragon-master\www\libraries\HTTP_Session2\HTTP\Session2.php on line 211
[15-May-2019 06:49:20 UTC] PHP Warning:  Cannot modify header information - headers already sent by (output started at C:\Users\hiepnh\Desktop\laragon-master\www\vtlib\Vtiger\Functions.php:1476) in C:\Users\hiepnh\Desktop\laragon-master\www\includes\main\WebUI.php on line 148
[15-May-2019 06:50:24 UTC] PHP Notice:  Undefined index: record in C:\Users\hiepnh\Desktop\laragon-master\www\vtlib\Vtiger\Functions.php on line 1476
[15-May-2019 06:50:24 UTC] PHP Notice:  Undefined index: src_record in C:\Users\hiepnh\Desktop\laragon-master\www\vtlib\Vtiger\Functions.php on line 1476
[15-May-2019 06:50:24 UTC] PHP Notice:  Undefined index: parent_id in C:\Users\hiepnh\Desktop\laragon-master\www\vtlib\Vtiger\Functions.php on line 1476
[15-May-2019 06:50:24 UTC] PHP Notice:  Undefined index: _mfrom in C:\Users\hiepnh\Desktop\laragon-master\www\vtlib\Vtiger\Functions.php on line 1476
[15-May-2019 06:50:24 UTC] PHP Notice:  Undefined index: _mto in C:\Users\hiepnh\Desktop\laragon-master\www\vtlib\Vtiger\Functions.php on line 1476
[15-May-2019 06:50:24 UTC] PHP Notice:  Undefined index: sequencesList in C:\Users\hiepnh\Desktop\laragon-master\www\vtlib\Vtiger\Functions.php on line 1476
[15-May-2019 06:50:24 UTC] PHP Notice:  Undefined index: search_value in C:\Users\hiepnh\Desktop\laragon-master\www\vtlib\Vtiger\Functions.php on line 1476
[15-May-2019 06:50:24 UTC] PHP Warning:  session_start(): Cannot send session cache limiter - headers already sent (output started at C:\Users\hiepnh\Desktop\laragon-master\www\vtlib\Vtiger\Functions.php:1476) in C:\Users\hiepnh\Desktop\laragon-master\www\libraries\HTTP_Session2\HTTP\Session2.php on line 211
[15-May-2019 06:50:24 UTC] PHP Warning:  Cannot modify header information - headers already sent by (output started at C:\Users\hiepnh\Desktop\laragon-master\www\vtlib\Vtiger\Functions.php:1476) in C:\Users\hiepnh\Desktop\laragon-master\www\includes\main\WebUI.php on line 148
[15-May-2019 06:50:53 UTC] PHP Notice:  Undefined index: record in C:\Users\hiepnh\Desktop\laragon-master\www\vtlib\Vtiger\Functions.php on line 1476
[15-May-2019 06:50:53 UTC] PHP Notice:  Undefined index: src_record in C:\Users\hiepnh\Desktop\laragon-master\www\vtlib\Vtiger\Functions.php on line 1476
[15-May-2019 06:50:53 UTC] PHP Notice:  Undefined index: parent_id in C:\Users\hiepnh\Desktop\laragon-master\www\vtlib\Vtiger\Functions.php on line 1476
[15-May-2019 06:50:53 UTC] PHP Notice:  Undefined index: _mfrom in C:\Users\hiepnh\Desktop\laragon-master\www\vtlib\Vtiger\Functions.php on line 1476
[15-May-2019 06:50:53 UTC] PHP Notice:  Undefined index: _mto in C:\Users\hiepnh\Desktop\laragon-master\www\vtlib\Vtiger\Functions.php on line 1476
[15-May-2019 06:50:53 UTC] PHP Notice:  Undefined index: sequencesList in C:\Users\hiepnh\Desktop\laragon-master\www\vtlib\Vtiger\Functions.php on line 1476
[15-May-2019 06:50:53 UTC] PHP Notice:  Undefined index: search_value in C:\Users\hiepnh\Desktop\laragon-master\www\vtlib\Vtiger\Functions.php on line 1476
[15-May-2019 06:50:53 UTC] PHP Warning:  session_start(): Cannot send session cache limiter - headers already sent (output started at C:\Users\hiepnh\Desktop\laragon-master\www\vtlib\Vtiger\Functions.php:1476) in C:\Users\hiepnh\Desktop\laragon-master\www\libraries\HTTP_Session2\HTTP\Session2.php on line 211
[15-May-2019 06:50:53 UTC] PHP Warning:  Cannot modify header information - headers already sent by (output started at C:\Users\hiepnh\Desktop\laragon-master\www\vtlib\Vtiger\Functions.php:1476) in C:\Users\hiepnh\Desktop\laragon-master\www\includes\main\WebUI.php on line 148
[15-May-2019 07:13:05 UTC] PHP Notice:  Undefined index: record in C:\Users\hiepnh\Desktop\laragon-master\www\vtlib\Vtiger\Functions.php on line 1476
[15-May-2019 07:13:05 UTC] PHP Notice:  Undefined index: src_record in C:\Users\hiepnh\Desktop\laragon-master\www\vtlib\Vtiger\Functions.php on line 1476
[15-May-2019 07:13:05 UTC] PHP Notice:  Undefined index: parent_id in C:\Users\hiepnh\Desktop\laragon-master\www\vtlib\Vtiger\Functions.php on line 1476
[15-May-2019 07:13:05 UTC] PHP Notice:  Undefined index: _mfrom in C:\Users\hiepnh\Desktop\laragon-master\www\vtlib\Vtiger\Functions.php on line 1476
[15-May-2019 07:13:05 UTC] PHP Notice:  Undefined index: _mto in C:\Users\hiepnh\Desktop\laragon-master\www\vtlib\Vtiger\Functions.php on line 1476
[15-May-2019 07:13:05 UTC] PHP Notice:  Undefined index: sequencesList in C:\Users\hiepnh\Desktop\laragon-master\www\vtlib\Vtiger\Functions.php on line 1476
[15-May-2019 07:13:05 UTC] PHP Notice:  Undefined index: search_value in C:\Users\hiepnh\Desktop\laragon-master\www\vtlib\Vtiger\Functions.php on line 1476
[15-May-2019 07:13:05 UTC] PHP Warning:  session_start(): Cannot send session cache limiter - headers already sent (output started at C:\Users\hiepnh\Desktop\laragon-master\www\vtlib\Vtiger\Functions.php:1476) in C:\Users\hiepnh\Desktop\laragon-master\www\libraries\HTTP_Session2\HTTP\Session2.php on line 211
[15-May-2019 07:13:05 UTC] PHP Warning:  Cannot modify header information - headers already sent by (output started at C:\Users\hiepnh\Desktop\laragon-master\www\vtlib\Vtiger\Functions.php:1476) in C:\Users\hiepnh\Desktop\laragon-master\www\includes\main\WebUI.php on line 148
[15-May-2019 07:14:53 UTC] PHP Notice:  Undefined index: record in C:\Users\hiepnh\Desktop\laragon-master\www\vtlib\Vtiger\Functions.php on line 1476
[15-May-2019 07:14:53 UTC] PHP Notice:  Undefined index: src_record in C:\Users\hiepnh\Desktop\laragon-master\www\vtlib\Vtiger\Functions.php on line 1476
[15-May-2019 07:14:53 UTC] PHP Notice:  Undefined index: parent_id in C:\Users\hiepnh\Desktop\laragon-master\www\vtlib\Vtiger\Functions.php on line 1476
[15-May-2019 07:14:53 UTC] PHP Notice:  Undefined index: _mfrom in C:\Users\hiepnh\Desktop\laragon-master\www\vtlib\Vtiger\Functions.php on line 1476
[15-May-2019 07:14:53 UTC] PHP Notice:  Undefined index: _mto in C:\Users\hiepnh\Desktop\laragon-master\www\vtlib\Vtiger\Functions.php on line 1476
[15-May-2019 07:14:53 UTC] PHP Notice:  Undefined index: sequencesList in C:\Users\hiepnh\Desktop\laragon-master\www\vtlib\Vtiger\Functions.php on line 1476
[15-May-2019 07:14:53 UTC] PHP Notice:  Undefined index: search_value in C:\Users\hiepnh\Desktop\laragon-master\www\vtlib\Vtiger\Functions.php on line 1476
[15-May-2019 07:14:53 UTC] PHP Warning:  session_start(): Cannot send session cache limiter - headers already sent (output started at C:\Users\hiepnh\Desktop\laragon-master\www\vtlib\Vtiger\Functions.php:1476) in C:\Users\hiepnh\Desktop\laragon-master\www\libraries\HTTP_Session2\HTTP\Session2.php on line 211
[15-May-2019 07:14:53 UTC] PHP Warning:  Cannot modify header information - headers already sent by (output started at C:\Users\hiepnh\Desktop\laragon-master\www\vtlib\Vtiger\Functions.php:1476) in C:\Users\hiepnh\Desktop\laragon-master\www\includes\main\WebUI.php on line 148
[15-May-2019 07:27:25 UTC] PHP Notice:  Undefined index: record in C:\Users\hiepnh\Desktop\laragon-master\www\vtlib\Vtiger\Functions.php on line 1476
[15-May-2019 07:27:25 UTC] PHP Notice:  Undefined index: src_record in C:\Users\hiepnh\Desktop\laragon-master\www\vtlib\Vtiger\Functions.php on line 1476
[15-May-2019 07:27:25 UTC] PHP Notice:  Undefined index: parent_id in C:\Users\hiepnh\Desktop\laragon-master\www\vtlib\Vtiger\Functions.php on line 1476
[15-May-2019 07:27:25 UTC] PHP Notice:  Undefined index: _mfrom in C:\Users\hiepnh\Desktop\laragon-master\www\vtlib\Vtiger\Functions.php on line 1476
[15-May-2019 07:27:25 UTC] PHP Notice:  Undefined index: _mto in C:\Users\hiepnh\Desktop\laragon-master\www\vtlib\Vtiger\Functions.php on line 1476
[15-May-2019 07:27:25 UTC] PHP Notice:  Undefined index: sequencesList in C:\Users\hiepnh\Desktop\laragon-master\www\vtlib\Vtiger\Functions.php on line 1476
[15-May-2019 07:27:25 UTC] PHP Notice:  Undefined index: search_value in C:\Users\hiepnh\Desktop\laragon-master\www\vtlib\Vtiger\Functions.php on line 1476
[15-May-2019 07:27:25 UTC] PHP Warning:  session_start(): Cannot send session cache limiter - headers already sent (output started at C:\Users\hiepnh\Desktop\laragon-master\www\vtlib\Vtiger\Functions.php:1476) in C:\Users\hiepnh\Desktop\laragon-master\www\libraries\HTTP_Session2\HTTP\Session2.php on line 211
[15-May-2019 07:27:25 UTC] PHP Warning:  Cannot modify header information - headers already sent by (output started at C:\Users\hiepnh\Desktop\laragon-master\www\vtlib\Vtiger\Functions.php:1476) in C:\Users\hiepnh\Desktop\laragon-master\www\includes\main\WebUI.php on line 148
[15-May-2019 07:27:47 UTC] PHP Notice:  Undefined index: record in C:\Users\hiepnh\Desktop\laragon-master\www\vtlib\Vtiger\Functions.php on line 1476
[15-May-2019 07:27:47 UTC] PHP Notice:  Undefined index: src_record in C:\Users\hiepnh\Desktop\laragon-master\www\vtlib\Vtiger\Functions.php on line 1476
[15-May-2019 07:27:47 UTC] PHP Notice:  Undefined index: parent_id in C:\Users\hiepnh\Desktop\laragon-master\www\vtlib\Vtiger\Functions.php on line 1476
[15-May-2019 07:27:47 UTC] PHP Notice:  Undefined index: _mfrom in C:\Users\hiepnh\Desktop\laragon-master\www\vtlib\Vtiger\Functions.php on line 1476
[15-May-2019 07:27:47 UTC] PHP Notice:  Undefined index: _mto in C:\Users\hiepnh\Desktop\laragon-master\www\vtlib\Vtiger\Functions.php on line 1476
[15-May-2019 07:27:47 UTC] PHP Notice:  Undefined index: sequencesList in C:\Users\hiepnh\Desktop\laragon-master\www\vtlib\Vtiger\Functions.php on line 1476
[15-May-2019 07:27:47 UTC] PHP Notice:  Undefined index: search_value in C:\Users\hiepnh\Desktop\laragon-master\www\vtlib\Vtiger\Functions.php on line 1476
[15-May-2019 07:27:47 UTC] PHP Warning:  session_start(): Cannot send session cache limiter - headers already sent (output started at C:\Users\hiepnh\Desktop\laragon-master\www\vtlib\Vtiger\Functions.php:1476) in C:\Users\hiepnh\Desktop\laragon-master\www\libraries\HTTP_Session2\HTTP\Session2.php on line 211
[15-May-2019 07:27:47 UTC] PHP Warning:  Cannot modify header information - headers already sent by (output started at C:\Users\hiepnh\Desktop\laragon-master\www\vtlib\Vtiger\Functions.php:1476) in C:\Users\hiepnh\Desktop\laragon-master\www\includes\main\WebUI.php on line 148
[15-May-2019 07:28:07 UTC] PHP Notice:  Undefined index: record in C:\Users\hiepnh\Desktop\laragon-master\www\vtlib\Vtiger\Functions.php on line 1476
[15-May-2019 07:28:07 UTC] PHP Notice:  Undefined index: src_record in C:\Users\hiepnh\Desktop\laragon-master\www\vtlib\Vtiger\Functions.php on line 1476
[15-May-2019 07:28:07 UTC] PHP Notice:  Undefined index: parent_id in C:\Users\hiepnh\Desktop\laragon-master\www\vtlib\Vtiger\Functions.php on line 1476
[15-May-2019 07:28:07 UTC] PHP Notice:  Undefined index: _mfrom in C:\Users\hiepnh\Desktop\laragon-master\www\vtlib\Vtiger\Functions.php on line 1476
[15-May-2019 07:28:07 UTC] PHP Notice:  Undefined index: _mto in C:\Users\hiepnh\Desktop\laragon-master\www\vtlib\Vtiger\Functions.php on line 1476
[15-May-2019 07:28:07 UTC] PHP Notice:  Undefined index: sequencesList in C:\Users\hiepnh\Desktop\laragon-master\www\vtlib\Vtiger\Functions.php on line 1476
[15-May-2019 07:28:07 UTC] PHP Notice:  Undefined index: search_value in C:\Users\hiepnh\Desktop\laragon-master\www\vtlib\Vtiger\Functions.php on line 1476
[15-May-2019 07:28:07 UTC] PHP Warning:  session_start(): Cannot send session cache limiter - headers already sent (output started at C:\Users\hiepnh\Desktop\laragon-master\www\vtlib\Vtiger\Functions.php:1476) in C:\Users\hiepnh\Desktop\laragon-master\www\libraries\HTTP_Session2\HTTP\Session2.php on line 211
[15-May-2019 07:28:07 UTC] PHP Warning:  Cannot modify header information - headers already sent by (output started at C:\Users\hiepnh\Desktop\laragon-master\www\vtlib\Vtiger\Functions.php:1476) in C:\Users\hiepnh\Desktop\laragon-master\www\includes\main\WebUI.php on line 148
[15-May-2019 07:29:10 UTC] PHP Notice:  Undefined index: record in C:\Users\hiepnh\Desktop\laragon-master\www\vtlib\Vtiger\Functions.php on line 1476
[15-May-2019 07:29:10 UTC] PHP Notice:  Undefined index: src_record in C:\Users\hiepnh\Desktop\laragon-master\www\vtlib\Vtiger\Functions.php on line 1476
[15-May-2019 07:29:10 UTC] PHP Notice:  Undefined index: parent_id in C:\Users\hiepnh\Desktop\laragon-master\www\vtlib\Vtiger\Functions.php on line 1476
[15-May-2019 07:29:10 UTC] PHP Notice:  Undefined index: _mfrom in C:\Users\hiepnh\Desktop\laragon-master\www\vtlib\Vtiger\Functions.php on line 1476
[15-May-2019 07:29:10 UTC] PHP Notice:  Undefined index: _mto in C:\Users\hiepnh\Desktop\laragon-master\www\vtlib\Vtiger\Functions.php on line 1476
[15-May-2019 07:29:10 UTC] PHP Notice:  Undefined index: sequencesList in C:\Users\hiepnh\Desktop\laragon-master\www\vtlib\Vtiger\Functions.php on line 1476
[15-May-2019 07:29:10 UTC] PHP Notice:  Undefined index: search_value in C:\Users\hiepnh\Desktop\laragon-master\www\vtlib\Vtiger\Functions.php on line 1476
[15-May-2019 07:29:10 UTC] PHP Warning:  session_start(): Cannot send session cache limiter - headers already sent (output started at C:\Users\hiepnh\Desktop\laragon-master\www\vtlib\Vtiger\Functions.php:1476) in C:\Users\hiepnh\Desktop\laragon-master\www\libraries\HTTP_Session2\HTTP\Session2.php on line 211
[15-May-2019 07:29:10 UTC] PHP Warning:  Cannot modify header information - headers already sent by (output started at C:\Users\hiepnh\Desktop\laragon-master\www\vtlib\Vtiger\Functions.php:1476) in C:\Users\hiepnh\Desktop\laragon-master\www\includes\main\WebUI.php on line 148
[15-May-2019 07:29:47 UTC] PHP Notice:  Undefined index: record in C:\Users\hiepnh\Desktop\laragon-master\www\vtlib\Vtiger\Functions.php on line 1476
[15-May-2019 07:29:47 UTC] PHP Notice:  Undefined index: src_record in C:\Users\hiepnh\Desktop\laragon-master\www\vtlib\Vtiger\Functions.php on line 1476
[15-May-2019 07:29:47 UTC] PHP Notice:  Undefined index: parent_id in C:\Users\hiepnh\Desktop\laragon-master\www\vtlib\Vtiger\Functions.php on line 1476
[15-May-2019 07:29:47 UTC] PHP Notice:  Undefined index: _mfrom in C:\Users\hiepnh\Desktop\laragon-master\www\vtlib\Vtiger\Functions.php on line 1476
[15-May-2019 07:29:47 UTC] PHP Notice:  Undefined index: _mto in C:\Users\hiepnh\Desktop\laragon-master\www\vtlib\Vtiger\Functions.php on line 1476
[15-May-2019 07:29:47 UTC] PHP Notice:  Undefined index: sequencesList in C:\Users\hiepnh\Desktop\laragon-master\www\vtlib\Vtiger\Functions.php on line 1476
[15-May-2019 07:29:47 UTC] PHP Notice:  Undefined index: search_value in C:\Users\hiepnh\Desktop\laragon-master\www\vtlib\Vtiger\Functions.php on line 1476
[15-May-2019 07:29:47 UTC] PHP Warning:  session_start(): Cannot send session cache limiter - headers already sent (output started at C:\Users\hiepnh\Desktop\laragon-master\www\vtlib\Vtiger\Functions.php:1476) in C:\Users\hiepnh\Desktop\laragon-master\www\libraries\HTTP_Session2\HTTP\Session2.php on line 211
[15-May-2019 07:29:47 UTC] PHP Warning:  Cannot modify header information - headers already sent by (output started at C:\Users\hiepnh\Desktop\laragon-master\www\vtlib\Vtiger\Functions.php:1476) in C:\Users\hiepnh\Desktop\laragon-master\www\includes\main\WebUI.php on line 148
[15-May-2019 07:30:39 UTC] PHP Notice:  Undefined index: record in C:\Users\hiepnh\Desktop\laragon-master\www\vtlib\Vtiger\Functions.php on line 1476
[15-May-2019 07:30:39 UTC] PHP Notice:  Undefined index: src_record in C:\Users\hiepnh\Desktop\laragon-master\www\vtlib\Vtiger\Functions.php on line 1476
[15-May-2019 07:30:39 UTC] PHP Notice:  Undefined index: parent_id in C:\Users\hiepnh\Desktop\laragon-master\www\vtlib\Vtiger\Functions.php on line 1476
[15-May-2019 07:30:39 UTC] PHP Notice:  Undefined index: _mfrom in C:\Users\hiepnh\Desktop\laragon-master\www\vtlib\Vtiger\Functions.php on line 1476
[15-May-2019 07:30:39 UTC] PHP Notice:  Undefined index: _mto in C:\Users\hiepnh\Desktop\laragon-master\www\vtlib\Vtiger\Functions.php on line 1476
[15-May-2019 07:30:39 UTC] PHP Notice:  Undefined index: sequencesList in C:\Users\hiepnh\Desktop\laragon-master\www\vtlib\Vtiger\Functions.php on line 1476
[15-May-2019 07:30:39 UTC] PHP Notice:  Undefined index: search_value in C:\Users\hiepnh\Desktop\laragon-master\www\vtlib\Vtiger\Functions.php on line 1476
[15-May-2019 07:30:39 UTC] PHP Warning:  session_start(): Cannot send session cache limiter - headers already sent (output started at C:\Users\hiepnh\Desktop\laragon-master\www\vtlib\Vtiger\Functions.php:1476) in C:\Users\hiepnh\Desktop\laragon-master\www\libraries\HTTP_Session2\HTTP\Session2.php on line 211
[15-May-2019 07:30:39 UTC] PHP Warning:  Cannot modify header information - headers already sent by (output started at C:\Users\hiepnh\Desktop\laragon-master\www\vtlib\Vtiger\Functions.php:1476) in C:\Users\hiepnh\Desktop\laragon-master\www\includes\main\WebUI.php on line 148
[15-May-2019 07:30:40 UTC] PHP Notice:  Undefined index: record in C:\Users\hiepnh\Desktop\laragon-master\www\vtlib\Vtiger\Functions.php on line 1476
[15-May-2019 07:30:40 UTC] PHP Notice:  Undefined index: src_record in C:\Users\hiepnh\Desktop\laragon-master\www\vtlib\Vtiger\Functions.php on line 1476
[15-May-2019 07:30:40 UTC] PHP Notice:  Undefined index: parent_id in C:\Users\hiepnh\Desktop\laragon-master\www\vtlib\Vtiger\Functions.php on line 1476
[15-May-2019 07:30:40 UTC] PHP Notice:  Undefined index: _mfrom in C:\Users\hiepnh\Desktop\laragon-master\www\vtlib\Vtiger\Functions.php on line 1476
[15-May-2019 07:30:40 UTC] PHP Notice:  Undefined index: _mto in C:\Users\hiepnh\Desktop\laragon-master\www\vtlib\Vtiger\Functions.php on line 1476
[15-May-2019 07:30:40 UTC] PHP Notice:  Undefined index: sequencesList in C:\Users\hiepnh\Desktop\laragon-master\www\vtlib\Vtiger\Functions.php on line 1476
[15-May-2019 07:30:40 UTC] PHP Notice:  Undefined index: search_value in C:\Users\hiepnh\Desktop\laragon-master\www\vtlib\Vtiger\Functions.php on line 1476
[15-May-2019 07:30:40 UTC] PHP Warning:  session_start(): Cannot send session cache limiter - headers already sent (output started at C:\Users\hiepnh\Desktop\laragon-master\www\vtlib\Vtiger\Functions.php:1476) in C:\Users\hiepnh\Desktop\laragon-master\www\libraries\HTTP_Session2\HTTP\Session2.php on line 211
[15-May-2019 07:30:40 UTC] PHP Warning:  Cannot modify header information - headers already sent by (output started at C:\Users\hiepnh\Desktop\laragon-master\www\vtlib\Vtiger\Functions.php:1476) in C:\Users\hiepnh\Desktop\laragon-master\www\includes\main\WebUI.php on line 148
[17-May-2019 08:18:44 UTC] PHP Deprecated:  Methods with the same name as their class will not be constructors in a future version of PHP; RecurringType has a deprecated constructor in C:\Users\hiepnh\Desktop\laragon-master\www\include\utils\RecurringType.php on line 16
[17-May-2019 08:18:44 UTC] PHP Deprecated:  Methods with the same name as their class will not be constructors in a future version of PHP; vt_DateTime has a deprecated constructor in C:\Users\hiepnh\Desktop\laragon-master\www\modules\Calendar\Date.php on line 12
[17-May-2019 08:18:44 UTC] PHP Deprecated:  Methods with the same name as their class will not be constructors in a future version of PHP; Tracker has a deprecated constructor in C:\Users\hiepnh\Desktop\laragon-master\www\data\Tracker.php on line 34
[17-May-2019 08:18:44 UTC] PHP Deprecated:  Methods with the same name as their class will not be constructors in a future version of PHP; ListViewSession has a deprecated constructor in C:\Users\hiepnh\Desktop\laragon-master\www\include\ListView\ListViewSession.php on line 15
[17-May-2019 08:18:44 UTC] PHP Deprecated:  Methods with the same name as their class will not be constructors in a future version of PHP; CustomView has a deprecated constructor in C:\Users\hiepnh\Desktop\laragon-master\www\modules\CustomView\CustomView.php on line 33
[17-May-2019 08:18:44 UTC] PHP Deprecated:  Methods with the same name as their class will not be constructors in a future version of PHP; Users has a deprecated constructor in C:\Users\hiepnh\Desktop\laragon-master\www\modules\Users\Users.php on line 41
[17-May-2019 08:18:44 UTC] PHP Deprecated:  Methods with the same name as their class will not be constructors in a future version of PHP; UserTimeZones has a deprecated constructor in C:\Users\hiepnh\Desktop\laragon-master\www\modules\Users\UserTimeZonesArray.php on line 15
[17-May-2019 08:18:44 UTC] PHP Deprecated:  Methods with the same name as their class will not be constructors in a future version of PHP; EntityMeta has a deprecated constructor in C:\Users\hiepnh\Desktop\laragon-master\www\include\Webservices\EntityMeta.php on line 11
[17-May-2019 08:18:44 UTC] PHP Deprecated:  Methods with the same name as their class will not be constructors in a future version of PHP; VtigerWebserviceObject has a deprecated constructor in C:\Users\hiepnh\Desktop\laragon-master\www\include\Webservices\VtigerWebserviceObject.php on line 11
[17-May-2019 08:18:44 UTC] PHP Deprecated:  Methods with the same name as their class will not be constructors in a future version of PHP; VtigerCRMObject has a deprecated constructor in C:\Users\hiepnh\Desktop\laragon-master\www\include\Webservices\VtigerCRMObject.php on line 11
[17-May-2019 08:18:44 UTC] PHP Deprecated:  Methods with the same name as their class will not be constructors in a future version of PHP; VtigerCRMObjectMeta has a deprecated constructor in C:\Users\hiepnh\Desktop\laragon-master\www\include\Webservices\VtigerCRMObjectMeta.php on line 11
[17-May-2019 08:18:44 UTC] PHP Deprecated:  Methods with the same name as their class will not be constructors in a future version of PHP; WebServiceException has a deprecated constructor in C:\Users\hiepnh\Desktop\laragon-master\www\include\Webservices\WebServiceError.php on line 12
[17-May-2019 08:18:44 UTC] PHP Deprecated:  Methods with the same name as their class will not be constructors in a future version of PHP; WebserviceEntityOperation has a deprecated constructor in C:\Users\hiepnh\Desktop\laragon-master\www\include\Webservices\WebserviceEntityOperation.php on line 11
[17-May-2019 08:18:44 UTC] PHP Deprecated:  Methods with the same name as their class will not be constructors in a future version of PHP; RelatedListViewSession has a deprecated constructor in C:\Users\hiepnh\Desktop\laragon-master\www\include\ListView\RelatedListViewSession.php on line 19
[17-May-2019 08:18:44 UTC] PHP Deprecated:  Methods with the same name as their class will not be constructors in a future version of PHP; Vtiger_Package has a deprecated constructor in C:\Users\hiepnh\Desktop\laragon-master\www\vtlib\Vtiger\Package.php on line 16
[17-May-2019 08:18:44 UTC] PHP Deprecated:  Methods with the same name as their class will not be constructors in a future version of PHP; Vtiger_PackageUpdate has a deprecated constructor in C:\Users\hiepnh\Desktop\laragon-master\www\vtlib\Vtiger\PackageUpdate.php on line 16
[17-May-2019 08:18:44 UTC] PHP Deprecated:  Methods with the same name as their class will not be constructors in a future version of PHP; Vtiger_PackageImport has a deprecated constructor in C:\Users\hiepnh\Desktop\laragon-master\www\vtlib\Vtiger\PackageImport.php on line 20
[17-May-2019 08:18:44 UTC] PHP Deprecated:  Methods with the same name as their class will not be constructors in a future version of PHP; Vtiger_PackageExport has a deprecated constructor in C:\Users\hiepnh\Desktop\laragon-master\www\vtlib\Vtiger\PackageExport.php on line 19
[17-May-2019 08:18:44 UTC] PHP Deprecated:  Methods with the same name as their class will not be constructors in a future version of PHP; dZip has a deprecated constructor in C:\Users\hiepnh\Desktop\laragon-master\www\vtlib\thirdparty\dZip.inc.php on line 8
[17-May-2019 08:18:44 UTC] PHP Deprecated:  Methods with the same name as their class will not be constructors in a future version of PHP; dUnzip2 has a deprecated constructor in C:\Users\hiepnh\Desktop\laragon-master\www\vtlib\thirdparty\dUnzip2.inc.php on line 72
[17-May-2019 08:18:44 UTC] PHP Deprecated:  Methods with the same name as their class will not be constructors in a future version of PHP; PEAR has a deprecated constructor in C:\Users\hiepnh\Desktop\laragon-master\www\vtlib\thirdparty\network\PEAR.php on line 102
[17-May-2019 08:18:44 UTC] PHP Deprecated:  Methods with the same name as their class will not be constructors in a future version of PHP; PEAR_Error has a deprecated constructor in C:\Users\hiepnh\Desktop\laragon-master\www\vtlib\thirdparty\network\PEAR.php on line 826
[17-May-2019 08:18:44 UTC] PHP Notice:  Undefined index: record in C:\Users\hiepnh\Desktop\laragon-master\www\vtlib\Vtiger\Functions.php on line 1476
[17-May-2019 08:18:44 UTC] PHP Notice:  Undefined index: src_record in C:\Users\hiepnh\Desktop\laragon-master\www\vtlib\Vtiger\Functions.php on line 1476
[17-May-2019 08:18:44 UTC] PHP Notice:  Undefined index: parent_id in C:\Users\hiepnh\Desktop\laragon-master\www\vtlib\Vtiger\Functions.php on line 1476
[17-May-2019 08:18:44 UTC] PHP Notice:  Undefined index: _mfrom in C:\Users\hiepnh\Desktop\laragon-master\www\vtlib\Vtiger\Functions.php on line 1476
[17-May-2019 08:18:44 UTC] PHP Notice:  Undefined index: _mto in C:\Users\hiepnh\Desktop\laragon-master\www\vtlib\Vtiger\Functions.php on line 1476
[17-May-2019 08:18:44 UTC] PHP Notice:  Undefined index: sequencesList in C:\Users\hiepnh\Desktop\laragon-master\www\vtlib\Vtiger\Functions.php on line 1476
[17-May-2019 08:18:44 UTC] PHP Notice:  Undefined index: search_value in C:\Users\hiepnh\Desktop\laragon-master\www\vtlib\Vtiger\Functions.php on line 1476
[17-May-2019 08:18:44 UTC] PHP Warning:  session_start(): Cannot send session cookie - headers already sent by (output started at C:\Users\hiepnh\Desktop\laragon-master\www\vtlib\Vtiger\Package.php:16) in C:\Users\hiepnh\Desktop\laragon-master\www\libraries\HTTP_Session2\HTTP\Session2.php on line 211
[17-May-2019 08:18:44 UTC] PHP Warning:  session_start(): Cannot send session cache limiter - headers already sent (output started at C:\Users\hiepnh\Desktop\laragon-master\www\vtlib\Vtiger\Package.php:16) in C:\Users\hiepnh\Desktop\laragon-master\www\libraries\HTTP_Session2\HTTP\Session2.php on line 211
[17-May-2019 08:18:44 UTC] PHP Warning:  Cannot modify header information - headers already sent by (output started at C:\Users\hiepnh\Desktop\laragon-master\www\vtlib\Vtiger\Package.php:16) in C:\Users\hiepnh\Desktop\laragon-master\www\includes\main\WebUI.php on line 148
[17-May-2019 08:18:44 UTC] PHP Notice:  Undefined index: IP_ADDRESS in C:\Users\hiepnh\Desktop\laragon-master\www\libraries\csrf-magic\csrf-magic.php on line 238
[17-May-2019 08:18:48 UTC] PHP Deprecated:  Methods with the same name as their class will not be constructors in a future version of PHP; RecurringType has a deprecated constructor in C:\Users\hiepnh\Desktop\laragon-master\www\include\utils\RecurringType.php on line 16
[17-May-2019 08:18:48 UTC] PHP Deprecated:  Methods with the same name as their class will not be constructors in a future version of PHP; vt_DateTime has a deprecated constructor in C:\Users\hiepnh\Desktop\laragon-master\www\modules\Calendar\Date.php on line 12
[17-May-2019 08:18:48 UTC] PHP Deprecated:  Methods with the same name as their class will not be constructors in a future version of PHP; Tracker has a deprecated constructor in C:\Users\hiepnh\Desktop\laragon-master\www\data\Tracker.php on line 34
[17-May-2019 08:18:48 UTC] PHP Deprecated:  Methods with the same name as their class will not be constructors in a future version of PHP; ListViewSession has a deprecated constructor in C:\Users\hiepnh\Desktop\laragon-master\www\include\ListView\ListViewSession.php on line 15
[17-May-2019 08:18:48 UTC] PHP Deprecated:  Methods with the same name as their class will not be constructors in a future version of PHP; CustomView has a deprecated constructor in C:\Users\hiepnh\Desktop\laragon-master\www\modules\CustomView\CustomView.php on line 33
[17-May-2019 08:18:48 UTC] PHP Deprecated:  Methods with the same name as their class will not be constructors in a future version of PHP; Users has a deprecated constructor in C:\Users\hiepnh\Desktop\laragon-master\www\modules\Users\Users.php on line 41
[17-May-2019 08:18:48 UTC] PHP Deprecated:  Methods with the same name as their class will not be constructors in a future version of PHP; UserTimeZones has a deprecated constructor in C:\Users\hiepnh\Desktop\laragon-master\www\modules\Users\UserTimeZonesArray.php on line 15
[17-May-2019 08:18:48 UTC] PHP Deprecated:  Methods with the same name as their class will not be constructors in a future version of PHP; EntityMeta has a deprecated constructor in C:\Users\hiepnh\Desktop\laragon-master\www\include\Webservices\EntityMeta.php on line 11
[17-May-2019 08:18:48 UTC] PHP Deprecated:  Methods with the same name as their class will not be constructors in a future version of PHP; VtigerWebserviceObject has a deprecated constructor in C:\Users\hiepnh\Desktop\laragon-master\www\include\Webservices\VtigerWebserviceObject.php on line 11
[17-May-2019 08:18:48 UTC] PHP Deprecated:  Methods with the same name as their class will not be constructors in a future version of PHP; VtigerCRMObject has a deprecated constructor in C:\Users\hiepnh\Desktop\laragon-master\www\include\Webservices\VtigerCRMObject.php on line 11
[17-May-2019 08:18:48 UTC] PHP Deprecated:  Methods with the same name as their class will not be constructors in a future version of PHP; VtigerCRMObjectMeta has a deprecated constructor in C:\Users\hiepnh\Desktop\laragon-master\www\include\Webservices\VtigerCRMObjectMeta.php on line 11
[17-May-2019 08:18:48 UTC] PHP Deprecated:  Methods with the same name as their class will not be constructors in a future version of PHP; WebServiceException has a deprecated constructor in C:\Users\hiepnh\Desktop\laragon-master\www\include\Webservices\WebServiceError.php on line 12
[17-May-2019 08:18:48 UTC] PHP Deprecated:  Methods with the same name as their class will not be constructors in a future version of PHP; WebserviceEntityOperation has a deprecated constructor in C:\Users\hiepnh\Desktop\laragon-master\www\include\Webservices\WebserviceEntityOperation.php on line 11
[17-May-2019 08:18:48 UTC] PHP Deprecated:  Methods with the same name as their class will not be constructors in a future version of PHP; RelatedListViewSession has a deprecated constructor in C:\Users\hiepnh\Desktop\laragon-master\www\include\ListView\RelatedListViewSession.php on line 19
[17-May-2019 08:18:48 UTC] PHP Deprecated:  Methods with the same name as their class will not be constructors in a future version of PHP; Vtiger_Package has a deprecated constructor in C:\Users\hiepnh\Desktop\laragon-master\www\vtlib\Vtiger\Package.php on line 16
[17-May-2019 08:18:48 UTC] PHP Deprecated:  Methods with the same name as their class will not be constructors in a future version of PHP; Vtiger_PackageUpdate has a deprecated constructor in C:\Users\hiepnh\Desktop\laragon-master\www\vtlib\Vtiger\PackageUpdate.php on line 16
[17-May-2019 08:18:48 UTC] PHP Deprecated:  Methods with the same name as their class will not be constructors in a future version of PHP; Vtiger_PackageImport has a deprecated constructor in C:\Users\hiepnh\Desktop\laragon-master\www\vtlib\Vtiger\PackageImport.php on line 20
[17-May-2019 08:18:48 UTC] PHP Deprecated:  Methods with the same name as their class will not be constructors in a future version of PHP; Vtiger_PackageExport has a deprecated constructor in C:\Users\hiepnh\Desktop\laragon-master\www\vtlib\Vtiger\PackageExport.php on line 19
[17-May-2019 08:18:48 UTC] PHP Deprecated:  Methods with the same name as their class will not be constructors in a future version of PHP; dZip has a deprecated constructor in C:\Users\hiepnh\Desktop\laragon-master\www\vtlib\thirdparty\dZip.inc.php on line 8
[17-May-2019 08:18:48 UTC] PHP Deprecated:  Methods with the same name as their class will not be constructors in a future version of PHP; dUnzip2 has a deprecated constructor in C:\Users\hiepnh\Desktop\laragon-master\www\vtlib\thirdparty\dUnzip2.inc.php on line 72
[17-May-2019 08:18:48 UTC] PHP Deprecated:  Methods with the same name as their class will not be constructors in a future version of PHP; PEAR has a deprecated constructor in C:\Users\hiepnh\Desktop\laragon-master\www\vtlib\thirdparty\network\PEAR.php on line 102
[17-May-2019 08:18:48 UTC] PHP Deprecated:  Methods with the same name as their class will not be constructors in a future version of PHP; PEAR_Error has a deprecated constructor in C:\Users\hiepnh\Desktop\laragon-master\www\vtlib\thirdparty\network\PEAR.php on line 826
[17-May-2019 08:18:48 UTC] PHP Notice:  Undefined index: record in C:\Users\hiepnh\Desktop\laragon-master\www\vtlib\Vtiger\Functions.php on line 1476
[17-May-2019 08:18:48 UTC] PHP Notice:  Undefined index: src_record in C:\Users\hiepnh\Desktop\laragon-master\www\vtlib\Vtiger\Functions.php on line 1476
[17-May-2019 08:18:48 UTC] PHP Notice:  Undefined index: parent_id in C:\Users\hiepnh\Desktop\laragon-master\www\vtlib\Vtiger\Functions.php on line 1476
[17-May-2019 08:18:48 UTC] PHP Notice:  Undefined index: _mfrom in C:\Users\hiepnh\Desktop\laragon-master\www\vtlib\Vtiger\Functions.php on line 1476
[17-May-2019 08:18:48 UTC] PHP Notice:  Undefined index: _mto in C:\Users\hiepnh\Desktop\laragon-master\www\vtlib\Vtiger\Functions.php on line 1476
[17-May-2019 08:18:48 UTC] PHP Notice:  Undefined index: sequencesList in C:\Users\hiepnh\Desktop\laragon-master\www\vtlib\Vtiger\Functions.php on line 1476
[17-May-2019 08:18:48 UTC] PHP Notice:  Undefined index: search_value in C:\Users\hiepnh\Desktop\laragon-master\www\vtlib\Vtiger\Functions.php on line 1476
[17-May-2019 08:18:48 UTC] PHP Warning:  session_start(): Cannot send session cookie - headers already sent by (output started at C:\Users\hiepnh\Desktop\laragon-master\www\vtlib\Vtiger\Package.php:16) in C:\Users\hiepnh\Desktop\laragon-master\www\libraries\HTTP_Session2\HTTP\Session2.php on line 211
[17-May-2019 08:18:48 UTC] PHP Warning:  session_start(): Cannot send session cache limiter - headers already sent (output started at C:\Users\hiepnh\Desktop\laragon-master\www\vtlib\Vtiger\Package.php:16) in C:\Users\hiepnh\Desktop\laragon-master\www\libraries\HTTP_Session2\HTTP\Session2.php on line 211
[17-May-2019 08:18:48 UTC] PHP Warning:  Cannot modify header information - headers already sent by (output started at C:\Users\hiepnh\Desktop\laragon-master\www\vtlib\Vtiger\Package.php:16) in C:\Users\hiepnh\Desktop\laragon-master\www\includes\main\WebUI.php on line 148
[17-May-2019 08:18:48 UTC] PHP Notice:  Undefined index: IP_ADDRESS in C:\Users\hiepnh\Desktop\laragon-master\www\libraries\csrf-magic\csrf-magic.php on line 238
[17-May-2019 08:24:22 UTC] PHP Deprecated:  Methods with the same name as their class will not be constructors in a future version of PHP; RecurringType has a deprecated constructor in C:\Users\hiepnh\Desktop\laragon-master\www\include\utils\RecurringType.php on line 16
[17-May-2019 08:24:22 UTC] PHP Deprecated:  Methods with the same name as their class will not be constructors in a future version of PHP; vt_DateTime has a deprecated constructor in C:\Users\hiepnh\Desktop\laragon-master\www\modules\Calendar\Date.php on line 12
[17-May-2019 08:24:22 UTC] PHP Deprecated:  Methods with the same name as their class will not be constructors in a future version of PHP; Tracker has a deprecated constructor in C:\Users\hiepnh\Desktop\laragon-master\www\data\Tracker.php on line 34
[17-May-2019 08:24:22 UTC] PHP Deprecated:  Methods with the same name as their class will not be constructors in a future version of PHP; ListViewSession has a deprecated constructor in C:\Users\hiepnh\Desktop\laragon-master\www\include\ListView\ListViewSession.php on line 15
[17-May-2019 08:24:22 UTC] PHP Deprecated:  Methods with the same name as their class will not be constructors in a future version of PHP; CustomView has a deprecated constructor in C:\Users\hiepnh\Desktop\laragon-master\www\modules\CustomView\CustomView.php on line 33
[17-May-2019 08:24:22 UTC] PHP Deprecated:  Methods with the same name as their class will not be constructors in a future version of PHP; Users has a deprecated constructor in C:\Users\hiepnh\Desktop\laragon-master\www\modules\Users\Users.php on line 41
[17-May-2019 08:24:22 UTC] PHP Deprecated:  Methods with the same name as their class will not be constructors in a future version of PHP; UserTimeZones has a deprecated constructor in C:\Users\hiepnh\Desktop\laragon-master\www\modules\Users\UserTimeZonesArray.php on line 15
[17-May-2019 08:24:22 UTC] PHP Deprecated:  Methods with the same name as their class will not be constructors in a future version of PHP; EntityMeta has a deprecated constructor in C:\Users\hiepnh\Desktop\laragon-master\www\include\Webservices\EntityMeta.php on line 11
[17-May-2019 08:24:22 UTC] PHP Deprecated:  Methods with the same name as their class will not be constructors in a future version of PHP; VtigerWebserviceObject has a deprecated constructor in C:\Users\hiepnh\Desktop\laragon-master\www\include\Webservices\VtigerWebserviceObject.php on line 11
[17-May-2019 08:24:22 UTC] PHP Deprecated:  Methods with the same name as their class will not be constructors in a future version of PHP; VtigerCRMObject has a deprecated constructor in C:\Users\hiepnh\Desktop\laragon-master\www\include\Webservices\VtigerCRMObject.php on line 11
[17-May-2019 08:24:22 UTC] PHP Deprecated:  Methods with the same name as their class will not be constructors in a future version of PHP; VtigerCRMObjectMeta has a deprecated constructor in C:\Users\hiepnh\Desktop\laragon-master\www\include\Webservices\VtigerCRMObjectMeta.php on line 11
[17-May-2019 08:24:22 UTC] PHP Deprecated:  Methods with the same name as their class will not be constructors in a future version of PHP; WebServiceException has a deprecated constructor in C:\Users\hiepnh\Desktop\laragon-master\www\include\Webservices\WebServiceError.php on line 12
[17-May-2019 08:24:22 UTC] PHP Deprecated:  Methods with the same name as their class will not be constructors in a future version of PHP; WebserviceEntityOperation has a deprecated constructor in C:\Users\hiepnh\Desktop\laragon-master\www\include\Webservices\WebserviceEntityOperation.php on line 11
[17-May-2019 08:24:22 UTC] PHP Deprecated:  Methods with the same name as their class will not be constructors in a future version of PHP; RelatedListViewSession has a deprecated constructor in C:\Users\hiepnh\Desktop\laragon-master\www\include\ListView\RelatedListViewSession.php on line 19
[17-May-2019 08:24:22 UTC] PHP Deprecated:  Methods with the same name as their class will not be constructors in a future version of PHP; Vtiger_Package has a deprecated constructor in C:\Users\hiepnh\Desktop\laragon-master\www\vtlib\Vtiger\Package.php on line 16
[17-May-2019 08:24:22 UTC] PHP Deprecated:  Methods with the same name as their class will not be constructors in a future version of PHP; Vtiger_PackageUpdate has a deprecated constructor in C:\Users\hiepnh\Desktop\laragon-master\www\vtlib\Vtiger\PackageUpdate.php on line 16
[17-May-2019 08:24:22 UTC] PHP Deprecated:  Methods with the same name as their class will not be constructors in a future version of PHP; Vtiger_PackageImport has a deprecated constructor in C:\Users\hiepnh\Desktop\laragon-master\www\vtlib\Vtiger\PackageImport.php on line 20
[17-May-2019 08:24:22 UTC] PHP Deprecated:  Methods with the same name as their class will not be constructors in a future version of PHP; Vtiger_PackageExport has a deprecated constructor in C:\Users\hiepnh\Desktop\laragon-master\www\vtlib\Vtiger\PackageExport.php on line 19
[17-May-2019 08:24:22 UTC] PHP Deprecated:  Methods with the same name as their class will not be constructors in a future version of PHP; dZip has a deprecated constructor in C:\Users\hiepnh\Desktop\laragon-master\www\vtlib\thirdparty\dZip.inc.php on line 8
[17-May-2019 08:24:22 UTC] PHP Deprecated:  Methods with the same name as their class will not be constructors in a future version of PHP; dUnzip2 has a deprecated constructor in C:\Users\hiepnh\Desktop\laragon-master\www\vtlib\thirdparty\dUnzip2.inc.php on line 72
[17-May-2019 08:24:22 UTC] PHP Deprecated:  Methods with the same name as their class will not be constructors in a future version of PHP; PEAR has a deprecated constructor in C:\Users\hiepnh\Desktop\laragon-master\www\vtlib\thirdparty\network\PEAR.php on line 102
[17-May-2019 08:24:22 UTC] PHP Deprecated:  Methods with the same name as their class will not be constructors in a future version of PHP; PEAR_Error has a deprecated constructor in C:\Users\hiepnh\Desktop\laragon-master\www\vtlib\thirdparty\network\PEAR.php on line 826
[17-May-2019 08:24:22 UTC] PHP Notice:  Undefined index: record in C:\Users\hiepnh\Desktop\laragon-master\www\vtlib\Vtiger\Functions.php on line 1476
[17-May-2019 08:24:22 UTC] PHP Notice:  Undefined index: src_record in C:\Users\hiepnh\Desktop\laragon-master\www\vtlib\Vtiger\Functions.php on line 1476
[17-May-2019 08:24:22 UTC] PHP Notice:  Undefined index: parent_id in C:\Users\hiepnh\Desktop\laragon-master\www\vtlib\Vtiger\Functions.php on line 1476
[17-May-2019 08:24:22 UTC] PHP Notice:  Undefined index: _mfrom in C:\Users\hiepnh\Desktop\laragon-master\www\vtlib\Vtiger\Functions.php on line 1476
[17-May-2019 08:24:22 UTC] PHP Notice:  Undefined index: _mto in C:\Users\hiepnh\Desktop\laragon-master\www\vtlib\Vtiger\Functions.php on line 1476
[17-May-2019 08:24:22 UTC] PHP Notice:  Undefined index: sequencesList in C:\Users\hiepnh\Desktop\laragon-master\www\vtlib\Vtiger\Functions.php on line 1476
[17-May-2019 08:24:22 UTC] PHP Notice:  Undefined index: search_value in C:\Users\hiepnh\Desktop\laragon-master\www\vtlib\Vtiger\Functions.php on line 1476
[17-May-2019 08:24:22 UTC] PHP Warning:  session_start(): Cannot send session cache limiter - headers already sent (output started at C:\Users\hiepnh\Desktop\laragon-master\www\vtlib\Vtiger\Package.php:16) in C:\Users\hiepnh\Desktop\laragon-master\www\libraries\HTTP_Session2\HTTP\Session2.php on line 211
[17-May-2019 08:24:22 UTC] PHP Deprecated:  Methods with the same name as their class will not be constructors in a future version of PHP; RecurringType has a deprecated constructor in C:\Users\hiepnh\Desktop\laragon-master\www\include\utils\RecurringType.php on line 16
[17-May-2019 08:24:22 UTC] PHP Deprecated:  Methods with the same name as their class will not be constructors in a future version of PHP; vt_DateTime has a deprecated constructor in C:\Users\hiepnh\Desktop\laragon-master\www\modules\Calendar\Date.php on line 12
[17-May-2019 08:24:22 UTC] PHP Deprecated:  Methods with the same name as their class will not be constructors in a future version of PHP; Tracker has a deprecated constructor in C:\Users\hiepnh\Desktop\laragon-master\www\data\Tracker.php on line 34
[17-May-2019 08:24:22 UTC] PHP Deprecated:  Methods with the same name as their class will not be constructors in a future version of PHP; ListViewSession has a deprecated constructor in C:\Users\hiepnh\Desktop\laragon-master\www\include\ListView\ListViewSession.php on line 15
[17-May-2019 08:24:22 UTC] PHP Deprecated:  Methods with the same name as their class will not be constructors in a future version of PHP; CustomView has a deprecated constructor in C:\Users\hiepnh\Desktop\laragon-master\www\modules\CustomView\CustomView.php on line 33
[17-May-2019 08:24:22 UTC] PHP Deprecated:  Methods with the same name as their class will not be constructors in a future version of PHP; Users has a deprecated constructor in C:\Users\hiepnh\Desktop\laragon-master\www\modules\Users\Users.php on line 41
[17-May-2019 08:24:22 UTC] PHP Deprecated:  Methods with the same name as their class will not be constructors in a future version of PHP; UserTimeZones has a deprecated constructor in C:\Users\hiepnh\Desktop\laragon-master\www\modules\Users\UserTimeZonesArray.php on line 15
[17-May-2019 08:24:22 UTC] PHP Deprecated:  Methods with the same name as their class will not be constructors in a future version of PHP; EntityMeta has a deprecated constructor in C:\Users\hiepnh\Desktop\laragon-master\www\include\Webservices\EntityMeta.php on line 11
[17-May-2019 08:24:22 UTC] PHP Deprecated:  Methods with the same name as their class will not be constructors in a future version of PHP; VtigerWebserviceObject has a deprecated constructor in C:\Users\hiepnh\Desktop\laragon-master\www\include\Webservices\VtigerWebserviceObject.php on line 11
[17-May-2019 08:24:22 UTC] PHP Deprecated:  Methods with the same name as their class will not be constructors in a future version of PHP; VtigerCRMObject has a deprecated constructor in C:\Users\hiepnh\Desktop\laragon-master\www\include\Webservices\VtigerCRMObject.php on line 11
[17-May-2019 08:24:22 UTC] PHP Deprecated:  Methods with the same name as their class will not be constructors in a future version of PHP; VtigerCRMObjectMeta has a deprecated constructor in C:\Users\hiepnh\Desktop\laragon-master\www\include\Webservices\VtigerCRMObjectMeta.php on line 11
[17-May-2019 08:24:22 UTC] PHP Deprecated:  Methods with the same name as their class will not be constructors in a future version of PHP; WebServiceException has a deprecated constructor in C:\Users\hiepnh\Desktop\laragon-master\www\include\Webservices\WebServiceError.php on line 12
[17-May-2019 08:24:22 UTC] PHP Deprecated:  Methods with the same name as their class will not be constructors in a future version of PHP; WebserviceEntityOperation has a deprecated constructor in C:\Users\hiepnh\Desktop\laragon-master\www\include\Webservices\WebserviceEntityOperation.php on line 11
[17-May-2019 08:24:22 UTC] PHP Deprecated:  Methods with the same name as their class will not be constructors in a future version of PHP; RelatedListViewSession has a deprecated constructor in C:\Users\hiepnh\Desktop\laragon-master\www\include\ListView\RelatedListViewSession.php on line 19
[17-May-2019 08:24:22 UTC] PHP Deprecated:  Methods with the same name as their class will not be constructors in a future version of PHP; Vtiger_Package has a deprecated constructor in C:\Users\hiepnh\Desktop\laragon-master\www\vtlib\Vtiger\Package.php on line 16
[17-May-2019 08:24:22 UTC] PHP Deprecated:  Methods with the same name as their class will not be constructors in a future version of PHP; Vtiger_PackageUpdate has a deprecated constructor in C:\Users\hiepnh\Desktop\laragon-master\www\vtlib\Vtiger\PackageUpdate.php on line 16
[17-May-2019 08:24:22 UTC] PHP Deprecated:  Methods with the same name as their class will not be constructors in a future version of PHP; Vtiger_PackageImport has a deprecated constructor in C:\Users\hiepnh\Desktop\laragon-master\www\vtlib\Vtiger\PackageImport.php on line 20
[17-May-2019 08:24:22 UTC] PHP Deprecated:  Methods with the same name as their class will not be constructors in a future version of PHP; Vtiger_PackageExport has a deprecated constructor in C:\Users\hiepnh\Desktop\laragon-master\www\vtlib\Vtiger\PackageExport.php on line 19
[17-May-2019 08:24:22 UTC] PHP Deprecated:  Methods with the same name as their class will not be constructors in a future version of PHP; dZip has a deprecated constructor in C:\Users\hiepnh\Desktop\laragon-master\www\vtlib\thirdparty\dZip.inc.php on line 8
[17-May-2019 08:24:22 UTC] PHP Deprecated:  Methods with the same name as their class will not be constructors in a future version of PHP; dUnzip2 has a deprecated constructor in C:\Users\hiepnh\Desktop\laragon-master\www\vtlib\thirdparty\dUnzip2.inc.php on line 72
[17-May-2019 08:24:22 UTC] PHP Deprecated:  Methods with the same name as their class will not be constructors in a future version of PHP; PEAR has a deprecated constructor in C:\Users\hiepnh\Desktop\laragon-master\www\vtlib\thirdparty\network\PEAR.php on line 102
[17-May-2019 08:24:22 UTC] PHP Deprecated:  Methods with the same name as their class will not be constructors in a future version of PHP; PEAR_Error has a deprecated constructor in C:\Users\hiepnh\Desktop\laragon-master\www\vtlib\thirdparty\network\PEAR.php on line 826
[17-May-2019 08:24:22 UTC] PHP Notice:  Undefined index: record in C:\Users\hiepnh\Desktop\laragon-master\www\vtlib\Vtiger\Functions.php on line 1476
[17-May-2019 08:24:22 UTC] PHP Notice:  Undefined index: src_record in C:\Users\hiepnh\Desktop\laragon-master\www\vtlib\Vtiger\Functions.php on line 1476
[17-May-2019 08:24:22 UTC] PHP Notice:  Undefined index: parent_id in C:\Users\hiepnh\Desktop\laragon-master\www\vtlib\Vtiger\Functions.php on line 1476
[17-May-2019 08:24:22 UTC] PHP Notice:  Undefined index: _mfrom in C:\Users\hiepnh\Desktop\laragon-master\www\vtlib\Vtiger\Functions.php on line 1476
[17-May-2019 08:24:22 UTC] PHP Notice:  Undefined index: _mto in C:\Users\hiepnh\Desktop\laragon-master\www\vtlib\Vtiger\Functions.php on line 1476
[17-May-2019 08:24:22 UTC] PHP Notice:  Undefined index: sequencesList in C:\Users\hiepnh\Desktop\laragon-master\www\vtlib\Vtiger\Functions.php on line 1476
[17-May-2019 08:24:22 UTC] PHP Notice:  Undefined index: search_value in C:\Users\hiepnh\Desktop\laragon-master\www\vtlib\Vtiger\Functions.php on line 1476
[17-May-2019 08:24:22 UTC] PHP Warning:  session_start(): Cannot send session cache limiter - headers already sent (output started at C:\Users\hiepnh\Desktop\laragon-master\www\vtlib\Vtiger\Package.php:16) in C:\Users\hiepnh\Desktop\laragon-master\www\libraries\HTTP_Session2\HTTP\Session2.php on line 211
[17-May-2019 08:24:22 UTC] PHP Warning:  Cannot modify header information - headers already sent by (output started at C:\Users\hiepnh\Desktop\laragon-master\www\vtlib\Vtiger\Package.php:16) in C:\Users\hiepnh\Desktop\laragon-master\www\includes\main\WebUI.php on line 148
[17-May-2019 08:24:24 UTC] PHP Deprecated:  Methods with the same name as their class will not be constructors in a future version of PHP; RecurringType has a deprecated constructor in C:\Users\hiepnh\Desktop\laragon-master\www\include\utils\RecurringType.php on line 16
[17-May-2019 08:24:24 UTC] PHP Deprecated:  Methods with the same name as their class will not be constructors in a future version of PHP; vt_DateTime has a deprecated constructor in C:\Users\hiepnh\Desktop\laragon-master\www\modules\Calendar\Date.php on line 12
[17-May-2019 08:24:24 UTC] PHP Deprecated:  Methods with the same name as their class will not be constructors in a future version of PHP; Tracker has a deprecated constructor in C:\Users\hiepnh\Desktop\laragon-master\www\data\Tracker.php on line 34
[17-May-2019 08:24:24 UTC] PHP Deprecated:  Methods with the same name as their class will not be constructors in a future version of PHP; ListViewSession has a deprecated constructor in C:\Users\hiepnh\Desktop\laragon-master\www\include\ListView\ListViewSession.php on line 15
[17-May-2019 08:24:24 UTC] PHP Deprecated:  Methods with the same name as their class will not be constructors in a future version of PHP; CustomView has a deprecated constructor in C:\Users\hiepnh\Desktop\laragon-master\www\modules\CustomView\CustomView.php on line 33
[17-May-2019 08:24:24 UTC] PHP Deprecated:  Methods with the same name as their class will not be constructors in a future version of PHP; Users has a deprecated constructor in C:\Users\hiepnh\Desktop\laragon-master\www\modules\Users\Users.php on line 41
[17-May-2019 08:24:24 UTC] PHP Deprecated:  Methods with the same name as their class will not be constructors in a future version of PHP; UserTimeZones has a deprecated constructor in C:\Users\hiepnh\Desktop\laragon-master\www\modules\Users\UserTimeZonesArray.php on line 15
[17-May-2019 08:24:24 UTC] PHP Deprecated:  Methods with the same name as their class will not be constructors in a future version of PHP; EntityMeta has a deprecated constructor in C:\Users\hiepnh\Desktop\laragon-master\www\include\Webservices\EntityMeta.php on line 11
[17-May-2019 08:24:24 UTC] PHP Deprecated:  Methods with the same name as their class will not be constructors in a future version of PHP; VtigerWebserviceObject has a deprecated constructor in C:\Users\hiepnh\Desktop\laragon-master\www\include\Webservices\VtigerWebserviceObject.php on line 11
[17-May-2019 08:24:24 UTC] PHP Deprecated:  Methods with the same name as their class will not be constructors in a future version of PHP; VtigerCRMObject has a deprecated constructor in C:\Users\hiepnh\Desktop\laragon-master\www\include\Webservices\VtigerCRMObject.php on line 11
[17-May-2019 08:24:24 UTC] PHP Deprecated:  Methods with the same name as their class will not be constructors in a future version of PHP; VtigerCRMObjectMeta has a deprecated constructor in C:\Users\hiepnh\Desktop\laragon-master\www\include\Webservices\VtigerCRMObjectMeta.php on line 11
[17-May-2019 08:24:24 UTC] PHP Deprecated:  Methods with the same name as their class will not be constructors in a future version of PHP; WebServiceException has a deprecated constructor in C:\Users\hiepnh\Desktop\laragon-master\www\include\Webservices\WebServiceError.php on line 12
[17-May-2019 08:24:24 UTC] PHP Deprecated:  Methods with the same name as their class will not be constructors in a future version of PHP; WebserviceEntityOperation has a deprecated constructor in C:\Users\hiepnh\Desktop\laragon-master\www\include\Webservices\WebserviceEntityOperation.php on line 11
[17-May-2019 08:24:24 UTC] PHP Deprecated:  Methods with the same name as their class will not be constructors in a future version of PHP; RelatedListViewSession has a deprecated constructor in C:\Users\hiepnh\Desktop\laragon-master\www\include\ListView\RelatedListViewSession.php on line 19
[17-May-2019 08:24:24 UTC] PHP Deprecated:  Methods with the same name as their class will not be constructors in a future version of PHP; Vtiger_Package has a deprecated constructor in C:\Users\hiepnh\Desktop\laragon-master\www\vtlib\Vtiger\Package.php on line 16
[17-May-2019 08:24:24 UTC] PHP Deprecated:  Methods with the same name as their class will not be constructors in a future version of PHP; Vtiger_PackageUpdate has a deprecated constructor in C:\Users\hiepnh\Desktop\laragon-master\www\vtlib\Vtiger\PackageUpdate.php on line 16
[17-May-2019 08:24:24 UTC] PHP Deprecated:  Methods with the same name as their class will not be constructors in a future version of PHP; Vtiger_PackageImport has a deprecated constructor in C:\Users\hiepnh\Desktop\laragon-master\www\vtlib\Vtiger\PackageImport.php on line 20
[17-May-2019 08:24:24 UTC] PHP Deprecated:  Methods with the same name as their class will not be constructors in a future version of PHP; Vtiger_PackageExport has a deprecated constructor in C:\Users\hiepnh\Desktop\laragon-master\www\vtlib\Vtiger\PackageExport.php on line 19
[17-May-2019 08:24:24 UTC] PHP Deprecated:  Methods with the same name as their class will not be constructors in a future version of PHP; dZip has a deprecated constructor in C:\Users\hiepnh\Desktop\laragon-master\www\vtlib\thirdparty\dZip.inc.php on line 8
[17-May-2019 08:24:24 UTC] PHP Deprecated:  Methods with the same name as their class will not be constructors in a future version of PHP; dUnzip2 has a deprecated constructor in C:\Users\hiepnh\Desktop\laragon-master\www\vtlib\thirdparty\dUnzip2.inc.php on line 72
[17-May-2019 08:24:24 UTC] PHP Deprecated:  Methods with the same name as their class will not be constructors in a future version of PHP; PEAR has a deprecated constructor in C:\Users\hiepnh\Desktop\laragon-master\www\vtlib\thirdparty\network\PEAR.php on line 102
[17-May-2019 08:24:24 UTC] PHP Deprecated:  Methods with the same name as their class will not be constructors in a future version of PHP; PEAR_Error has a deprecated constructor in C:\Users\hiepnh\Desktop\laragon-master\www\vtlib\thirdparty\network\PEAR.php on line 826
[17-May-2019 08:24:24 UTC] PHP Notice:  Undefined index: record in C:\Users\hiepnh\Desktop\laragon-master\www\vtlib\Vtiger\Functions.php on line 1476
[17-May-2019 08:24:24 UTC] PHP Notice:  Undefined index: src_record in C:\Users\hiepnh\Desktop\laragon-master\www\vtlib\Vtiger\Functions.php on line 1476
[17-May-2019 08:24:24 UTC] PHP Notice:  Undefined index: parent_id in C:\Users\hiepnh\Desktop\laragon-master\www\vtlib\Vtiger\Functions.php on line 1476
[17-May-2019 08:24:24 UTC] PHP Notice:  Undefined index: _mfrom in C:\Users\hiepnh\Desktop\laragon-master\www\vtlib\Vtiger\Functions.php on line 1476
[17-May-2019 08:24:24 UTC] PHP Notice:  Undefined index: _mto in C:\Users\hiepnh\Desktop\laragon-master\www\vtlib\Vtiger\Functions.php on line 1476
[17-May-2019 08:24:24 UTC] PHP Notice:  Undefined index: sequencesList in C:\Users\hiepnh\Desktop\laragon-master\www\vtlib\Vtiger\Functions.php on line 1476
[17-May-2019 08:24:24 UTC] PHP Notice:  Undefined index: search_value in C:\Users\hiepnh\Desktop\laragon-master\www\vtlib\Vtiger\Functions.php on line 1476
[17-May-2019 08:24:24 UTC] PHP Warning:  session_start(): Cannot send session cache limiter - headers already sent (output started at C:\Users\hiepnh\Desktop\laragon-master\www\vtlib\Vtiger\Package.php:16) in C:\Users\hiepnh\Desktop\laragon-master\www\libraries\HTTP_Session2\HTTP\Session2.php on line 211
[17-May-2019 08:24:25 UTC] PHP Deprecated:  Methods with the same name as their class will not be constructors in a future version of PHP; RecurringType has a deprecated constructor in C:\Users\hiepnh\Desktop\laragon-master\www\include\utils\RecurringType.php on line 16
[17-May-2019 08:24:25 UTC] PHP Deprecated:  Methods with the same name as their class will not be constructors in a future version of PHP; vt_DateTime has a deprecated constructor in C:\Users\hiepnh\Desktop\laragon-master\www\modules\Calendar\Date.php on line 12
[17-May-2019 08:24:25 UTC] PHP Deprecated:  Methods with the same name as their class will not be constructors in a future version of PHP; Tracker has a deprecated constructor in C:\Users\hiepnh\Desktop\laragon-master\www\data\Tracker.php on line 34
[17-May-2019 08:24:25 UTC] PHP Deprecated:  Methods with the same name as their class will not be constructors in a future version of PHP; ListViewSession has a deprecated constructor in C:\Users\hiepnh\Desktop\laragon-master\www\include\ListView\ListViewSession.php on line 15
[17-May-2019 08:24:25 UTC] PHP Deprecated:  Methods with the same name as their class will not be constructors in a future version of PHP; CustomView has a deprecated constructor in C:\Users\hiepnh\Desktop\laragon-master\www\modules\CustomView\CustomView.php on line 33
[17-May-2019 08:24:25 UTC] PHP Deprecated:  Methods with the same name as their class will not be constructors in a future version of PHP; Users has a deprecated constructor in C:\Users\hiepnh\Desktop\laragon-master\www\modules\Users\Users.php on line 41
[17-May-2019 08:24:25 UTC] PHP Deprecated:  Methods with the same name as their class will not be constructors in a future version of PHP; UserTimeZones has a deprecated constructor in C:\Users\hiepnh\Desktop\laragon-master\www\modules\Users\UserTimeZonesArray.php on line 15
[17-May-2019 08:24:25 UTC] PHP Deprecated:  Methods with the same name as their class will not be constructors in a future version of PHP; EntityMeta has a deprecated constructor in C:\Users\hiepnh\Desktop\laragon-master\www\include\Webservices\EntityMeta.php on line 11
[17-May-2019 08:24:25 UTC] PHP Deprecated:  Methods with the same name as their class will not be constructors in a future version of PHP; VtigerWebserviceObject has a deprecated constructor in C:\Users\hiepnh\Desktop\laragon-master\www\include\Webservices\VtigerWebserviceObject.php on line 11
[17-May-2019 08:24:25 UTC] PHP Deprecated:  Methods with the same name as their class will not be constructors in a future version of PHP; VtigerCRMObject has a deprecated constructor in C:\Users\hiepnh\Desktop\laragon-master\www\include\Webservices\VtigerCRMObject.php on line 11
[17-May-2019 08:24:25 UTC] PHP Deprecated:  Methods with the same name as their class will not be constructors in a future version of PHP; VtigerCRMObjectMeta has a deprecated constructor in C:\Users\hiepnh\Desktop\laragon-master\www\include\Webservices\VtigerCRMObjectMeta.php on line 11
[17-May-2019 08:24:25 UTC] PHP Deprecated:  Methods with the same name as their class will not be constructors in a future version of PHP; WebServiceException has a deprecated constructor in C:\Users\hiepnh\Desktop\laragon-master\www\include\Webservices\WebServiceError.php on line 12
[17-May-2019 08:24:25 UTC] PHP Deprecated:  Methods with the same name as their class will not be constructors in a future version of PHP; WebserviceEntityOperation has a deprecated constructor in C:\Users\hiepnh\Desktop\laragon-master\www\include\Webservices\WebserviceEntityOperation.php on line 11
[17-May-2019 08:24:25 UTC] PHP Deprecated:  Methods with the same name as their class will not be constructors in a future version of PHP; RelatedListViewSession has a deprecated constructor in C:\Users\hiepnh\Desktop\laragon-master\www\include\ListView\RelatedListViewSession.php on line 19
[17-May-2019 08:24:25 UTC] PHP Deprecated:  Methods with the same name as their class will not be constructors in a future version of PHP; Vtiger_Package has a deprecated constructor in C:\Users\hiepnh\Desktop\laragon-master\www\vtlib\Vtiger\Package.php on line 16
[17-May-2019 08:24:25 UTC] PHP Deprecated:  Methods with the same name as their class will not be constructors in a future version of PHP; Vtiger_PackageUpdate has a deprecated constructor in C:\Users\hiepnh\Desktop\laragon-master\www\vtlib\Vtiger\PackageUpdate.php on line 16
[17-May-2019 08:24:25 UTC] PHP Deprecated:  Methods with the same name as their class will not be constructors in a future version of PHP; Vtiger_PackageImport has a deprecated constructor in C:\Users\hiepnh\Desktop\laragon-master\www\vtlib\Vtiger\PackageImport.php on line 20
[17-May-2019 08:24:25 UTC] PHP Deprecated:  Methods with the same name as their class will not be constructors in a future version of PHP; Vtiger_PackageExport has a deprecated constructor in C:\Users\hiepnh\Desktop\laragon-master\www\vtlib\Vtiger\PackageExport.php on line 19
[17-May-2019 08:24:25 UTC] PHP Deprecated:  Methods with the same name as their class will not be constructors in a future version of PHP; dZip has a deprecated constructor in C:\Users\hiepnh\Desktop\laragon-master\www\vtlib\thirdparty\dZip.inc.php on line 8
[17-May-2019 08:24:25 UTC] PHP Deprecated:  Methods with the same name as their class will not be constructors in a future version of PHP; dUnzip2 has a deprecated constructor in C:\Users\hiepnh\Desktop\laragon-master\www\vtlib\thirdparty\dUnzip2.inc.php on line 72
[17-May-2019 08:24:25 UTC] PHP Deprecated:  Methods with the same name as their class will not be constructors in a future version of PHP; PEAR has a deprecated constructor in C:\Users\hiepnh\Desktop\laragon-master\www\vtlib\thirdparty\network\PEAR.php on line 102
[17-May-2019 08:24:25 UTC] PHP Deprecated:  Methods with the same name as their class will not be constructors in a future version of PHP; PEAR_Error has a deprecated constructor in C:\Users\hiepnh\Desktop\laragon-master\www\vtlib\thirdparty\network\PEAR.php on line 826
[17-May-2019 08:24:25 UTC] PHP Notice:  Undefined index: record in C:\Users\hiepnh\Desktop\laragon-master\www\vtlib\Vtiger\Functions.php on line 1476
[17-May-2019 08:24:25 UTC] PHP Notice:  Undefined index: src_record in C:\Users\hiepnh\Desktop\laragon-master\www\vtlib\Vtiger\Functions.php on line 1476
[17-May-2019 08:24:25 UTC] PHP Notice:  Undefined index: parent_id in C:\Users\hiepnh\Desktop\laragon-master\www\vtlib\Vtiger\Functions.php on line 1476
[17-May-2019 08:24:25 UTC] PHP Notice:  Undefined index: _mfrom in C:\Users\hiepnh\Desktop\laragon-master\www\vtlib\Vtiger\Functions.php on line 1476
[17-May-2019 08:24:25 UTC] PHP Notice:  Undefined index: _mto in C:\Users\hiepnh\Desktop\laragon-master\www\vtlib\Vtiger\Functions.php on line 1476
[17-May-2019 08:24:25 UTC] PHP Notice:  Undefined index: sequencesList in C:\Users\hiepnh\Desktop\laragon-master\www\vtlib\Vtiger\Functions.php on line 1476
[17-May-2019 08:24:25 UTC] PHP Notice:  Undefined index: search_value in C:\Users\hiepnh\Desktop\laragon-master\www\vtlib\Vtiger\Functions.php on line 1476
[17-May-2019 08:24:25 UTC] PHP Warning:  session_start(): Cannot send session cache limiter - headers already sent (output started at C:\Users\hiepnh\Desktop\laragon-master\www\vtlib\Vtiger\Package.php:16) in C:\Users\hiepnh\Desktop\laragon-master\www\libraries\HTTP_Session2\HTTP\Session2.php on line 211
[17-May-2019 08:24:25 UTC] PHP Warning:  Cannot modify header information - headers already sent by (output started at C:\Users\hiepnh\Desktop\laragon-master\www\vtlib\Vtiger\Package.php:16) in C:\Users\hiepnh\Desktop\laragon-master\www\includes\main\WebUI.php on line 148
[17-May-2019 15:28:41 Asia/Ho_Chi_Minh] PHP Warning:  Declaration of Users_UserSetup_View::preProcess(Vtiger_Request $request) should be compatible with Vtiger_Index_View::preProcess(Vtiger_Request $request, $display = true) in C:\Users\hiepnh\Desktop\laragon-master\www\modules\Users\views\UserSetup.php on line 11
[17-May-2019 15:28:50 Asia/Ho_Chi_Minh] PHP Warning:  Declaration of Users_Privileges_Model::getInstanceById($userId) should be compatible with Vtiger_Record_Model::getInstanceById($recordId, $module = NULL) in C:\Users\hiepnh\Desktop\laragon-master\www\modules\Users\models\Privileges.php on line 201
[17-May-2019 15:28:50 Asia/Ho_Chi_Minh] PHP Warning:  Declaration of Home_Module_Model::getCalendarActivities($mode, $pagingModel, $user) should be compatible with Vtiger_Module_Model::getCalendarActivities($mode, $pagingModel, $user, $recordId = false) in C:\Users\hiepnh\Desktop\laragon-master\www\modules\Home\models\Module.php on line 291
[17-May-2019 15:28:50 Asia/Ho_Chi_Minh] PHP Warning:  Declaration of Vtiger_Menu_Model::getAll($sequenced = false) should be compatible with Vtiger_Module_Model::getAll($presence = Array, $restrictedModulesList = Array) in C:\Users\hiepnh\Desktop\laragon-master\www\modules\Vtiger\models\Menu.php on line 72
[17-May-2019 15:28:50 Asia/Ho_Chi_Minh] PHP Warning:  Declaration of Users_Privileges_Model::getInstanceById($userId) should be compatible with Vtiger_Record_Model::getInstanceById($recordId, $module = NULL) in C:\Users\hiepnh\Desktop\laragon-master\www\modules\Users\models\Privileges.php on line 201
[17-May-2019 15:28:50 Asia/Ho_Chi_Minh] PHP Warning:  Declaration of Calendar_Module_Model::getExportQuery() should be compatible with Vtiger_Module_Model::getExportQuery($where) in C:\Users\hiepnh\Desktop\laragon-master\www\modules\Calendar\models\Module.php on line 1006
[17-May-2019 15:28:50 Asia/Ho_Chi_Minh] PHP Warning:  Declaration of Products_Module_Model::getExportQuery($focus, $query) should be compatible with Vtiger_Module_Model::getExportQuery($where) in C:\Users\hiepnh\Desktop\laragon-master\www\modules\Products\models\Module.php on line 278
[17-May-2019 15:28:50 Asia/Ho_Chi_Minh] PHP Warning:  Declaration of PriceBooks_Module_Model::getExportQuery($focus, $query) should be compatible with Vtiger_Module_Model::getExportQuery($where) in C:\Users\hiepnh\Desktop\laragon-master\www\modules\PriceBooks\models\Module.php on line 186
[17-May-2019 15:28:50 Asia/Ho_Chi_Minh] PHP Warning:  Declaration of Inventory_Module_Model::getExportQuery($focus, $query) should be compatible with Vtiger_Module_Model::getExportQuery($where) in C:\Users\hiepnh\Desktop\laragon-master\www\modules\Inventory\models\Module.php on line 136
[17-May-2019 15:28:50 Asia/Ho_Chi_Minh] PHP Warning:  Declaration of Reports_Module_Model::deleteRecord(Reports_Record_Model $reportModel) should be compatible with Vtiger_Module_Model::deleteRecord(Vtiger_Record_Model $recordModel) in C:\Users\hiepnh\Desktop\laragon-master\www\modules\Reports\models\Module.php on line 152
[17-May-2019 15:28:50 Asia/Ho_Chi_Minh] PHP Warning:  Declaration of Reports_Module_Model::getSideBarLinks() should be compatible with Vtiger_Module_Model::getSideBarLinks($linkParams) in C:\Users\hiepnh\Desktop\laragon-master\www\modules\Reports\models\Module.php on line 152
[17-May-2019 15:28:50 Asia/Ho_Chi_Minh] PHP Warning:  Declaration of Portal_Module_Model::saveRecord($recordId, $bookmarkName, $bookmarkUrl) should be compatible with Vtiger_Module_Model::saveRecord(Vtiger_Record_Model $recordModel) in C:\Users\hiepnh\Desktop\laragon-master\www\modules\Portal\models\Module.php on line 111
[17-May-2019 15:28:50 Asia/Ho_Chi_Minh] PHP Warning:  Declaration of Portal_Module_Model::deleteRecord($recordId) should be compatible with Vtiger_Module_Model::deleteRecord(Vtiger_Record_Model $recordModel) in C:\Users\hiepnh\Desktop\laragon-master\www\modules\Portal\models\Module.php on line 111
[17-May-2019 15:28:50 Asia/Ho_Chi_Minh] PHP Warning:  Declaration of EmailTemplates_Module_Model::saveRecord(EmailTemplates_Record_Model $recordModel) should be compatible with Vtiger_Module_Model::saveRecord(Vtiger_Record_Model $recordModel) in C:\Users\hiepnh\Desktop\laragon-master\www\modules\EmailTemplates\models\Module.php on line 366
[17-May-2019 15:28:50 Asia/Ho_Chi_Minh] PHP Warning:  Declaration of EmailTemplates_Module_Model::deleteRecord(EmailTemplates_Record_Model $recordModel) should be compatible with Vtiger_Module_Model::deleteRecord(Vtiger_Record_Model $recordModel) in C:\Users\hiepnh\Desktop\laragon-master\www\modules\EmailTemplates\models\Module.php on line 366
[17-May-2019 15:28:50 Asia/Ho_Chi_Minh] PHP Warning:  Declaration of Vtiger_Date_UIType::getDisplayValue($value) should be compatible with Vtiger_Base_UIType::getDisplayValue($value, $record = false, $recordInstance = false) in C:\Users\hiepnh\Desktop\laragon-master\www\modules\Vtiger\uitypes\Date.php on line 11
[17-May-2019 15:28:52 Asia/Ho_Chi_Minh] PHP Warning:  Declaration of Calendar_Module_Model::getExportQuery() should be compatible with Vtiger_Module_Model::getExportQuery($where) in C:\Users\hiepnh\Desktop\laragon-master\www\modules\Calendar\models\Module.php on line 1006
[17-May-2019 15:28:52 Asia/Ho_Chi_Minh] PHP Warning:  Declaration of Users_Privileges_Model::getInstanceById($userId) should be compatible with Vtiger_Record_Model::getInstanceById($recordId, $module = NULL) in C:\Users\hiepnh\Desktop\laragon-master\www\modules\Users\models\Privileges.php on line 201
[17-May-2019 15:28:52 Asia/Ho_Chi_Minh] PHP Warning:  Declaration of Vtiger_IndexAjax_View::preProcess(Vtiger_Request $request) should be compatible with Vtiger_Index_View::preProcess(Vtiger_Request $request, $display = true) in C:\Users\hiepnh\Desktop\laragon-master\www\modules\Vtiger\views\IndexAjax.php on line 11
[17-May-2019 15:28:52 Asia/Ho_Chi_Minh] PHP Warning:  Declaration of Users_Privileges_Model::getInstanceById($userId) should be compatible with Vtiger_Record_Model::getInstanceById($recordId, $module = NULL) in C:\Users\hiepnh\Desktop\laragon-master\www\modules\Users\models\Privileges.php on line 201
[17-May-2019 15:28:53 Asia/Ho_Chi_Minh] PHP Warning:  Declaration of Users_Privileges_Model::getInstanceById($userId) should be compatible with Vtiger_Record_Model::getInstanceById($recordId, $module = NULL) in C:\Users\hiepnh\Desktop\laragon-master\www\modules\Users\models\Privileges.php on line 201
